Using pre-set license
Built from '2020.3/staging' branch; Version is '2020.3.8f1 (507919d4fff5) revision 5273881'; Using compiler version '192528614'; Build Type 'Release'
OS: 'Windows 10 Education; OS build 19042.985; Version 2009; 64bit' Language: 'es' Physical Memory: 32711 MB
BatchMode: 1, IsHumanControllingUs: 0, StartBugReporterOnCrash: 0, Is64bit: 1, IsPro: 0

 COMMAND LINE ARGUMENTS:
C:\Program Files\Unity\Hub\Editor\2020.3.8f1\Editor\Unity.exe
-adb2
-batchMode
-noUpm
-name
AssetImportWorker0
-projectPath
C:/projects/Miss Jumping
-logFile
Logs/AssetImportWorker0.log
-srvPort
62188
Successfully changed project path to: C:/projects/Miss Jumping
C:/projects/Miss Jumping
Using Asset Import Pipeline V2.
Refreshing native plugins compatible for Editor in 25.11 ms, found 1 plugins.
Preloading 0 native plugins for Editor in 0.00 ms.
Initialize engine version: 2020.3.8f1 (507919d4fff5)
[Subsystems] Discovering subsystems at path C:/Program Files/Unity/Hub/Editor/2020.3.8f1/Editor/Data/Resources/UnitySubsystems
[Subsystems] Discovering subsystems at path C:/projects/Miss Jumping/Assets
GfxDevice: creating device client; threaded=0
Direct3D:
    Version:  Direct3D 11.0 [level 11.1]
    Renderer: NVIDIA GeForce RTX 2060 (ID=0x1f08)
    Vendor:   
    VRAM:     5980 MB
    Driver:   27.21.14.6647
Initialize mono
Mono path[0] = 'C:/Program Files/Unity/Hub/Editor/2020.3.8f1/Editor/Data/Managed'
Mono path[1] = 'C:/Program Files/Unity/Hub/Editor/2020.3.8f1/Editor/Data/MonoBleedingEdge/lib/mono/unityjit'
Mono config path = 'C:/Program Files/Unity/Hub/Editor/2020.3.8f1/Editor/Data/MonoBleedingEdge/etc'
Using monoOptions --debugger-agent=transport=dt_socket,embedding=1,server=y,suspend=n,address=127.0.0.1:56000
Begin MonoManager ReloadAssembly
Registering precompiled unity dll's ...
Register platform support module: C:/Program Files/Unity/Hub/Editor/2020.3.8f1/Editor/Data/PlaybackEngines/WindowsStandaloneSupport/UnityEditor.WindowsStandalone.Extensions.dll
Registered in 0.001177 seconds.
Native extension for WindowsStandalone target not found
Refreshing native plugins compatible for Editor in 24.25 ms, found 1 plugins.
Preloading 0 native plugins for Editor in 0.00 ms.
Mono: successfully reloaded assembly
- Completed reload, in  1.086 seconds
Platform modules already initialized, skipping
Registering precompiled user dll's ...
Registered in 0.000607 seconds.
Begin MonoManager ReloadAssembly
Native extension for WindowsStandalone target not found
Refreshing native plugins compatible for Editor in 24.13 ms, found 1 plugins.
Preloading 0 native plugins for Editor in 0.00 ms.
Mono: successfully reloaded assembly
- Completed reload, in  0.557 seconds
Platform modules already initialized, skipping
========================================================================
Worker process is ready to serve import requests
Launched and connected shader compiler UnityShaderCompiler.exe after 0.03 seconds
Refreshing native plugins compatible for Editor in 0.37 ms, found 1 plugins.
Preloading 0 native plugins for Editor in 0.00 ms.
Unloading 1809 Unused Serialized files (Serialized files now loaded: 0)
System memory in use before: 85.0 MB.
System memory in use after: 84.9 MB.

Unloading 24 unused Assets to reduce memory usage. Loaded Objects now: 2252.
Total: 1.833700 ms (FindLiveObjects: 0.169500 ms CreateObjectMapping: 0.048200 ms MarkObjects: 1.506000 ms  DeleteObjects: 0.109000 ms)

========================================================================
Received Import Request.
  path: Assets/Animations/Handup.anim
  artifactKey: Guid(0e2dd5711035d6347892f668c38c1da2) Importer(815301076,1909f56bfc062723c751e8b465ee728b)
Start importing Assets/Animations/Handup.anim using Guid(0e2dd5711035d6347892f668c38c1da2) Importer(815301076,1909f56bfc062723c751e8b465ee728b)  -> (artifact id: 'f1d377f7959fcc5096b84687c0366755') in 0.020071 seconds
  Import took 0.022505 seconds .

========================================================================
Received Import Request.
  Time since last request: 0.000176 seconds.
  path: Assets/Animations/Wait.anim
  artifactKey: Guid(ea65ace1ccac3554baf7d9be0a273daf) Importer(815301076,1909f56bfc062723c751e8b465ee728b)
Start importing Assets/Animations/Wait.anim using Guid(ea65ace1ccac3554baf7d9be0a273daf) Importer(815301076,1909f56bfc062723c751e8b465ee728b)  -> (artifact id: '419915b2522a83330336500944e0b92f') in 0.005289 seconds
  Import took 0.007509 seconds .

========================================================================
Received Import Request.
  Time since last request: 0.000152 seconds.
  path: Assets/Animations/Miss.controller
  artifactKey: Guid(22b60eee3cbe7404aba7c50df0188869) Importer(815301076,1909f56bfc062723c751e8b465ee728b)
Start importing Assets/Animations/Miss.controller using Guid(22b60eee3cbe7404aba7c50df0188869) Importer(815301076,1909f56bfc062723c751e8b465ee728b)  -> (artifact id: 'c78350fcfa5e5e7c5b18a99cc41b3c71') in 0.006940 seconds
  Import took 0.009214 seconds .

========================================================================
Received Import Request.
  Time since last request: 55.881237 seconds.
  path: Assets/Sprites/Materials/BG.mat
  artifactKey: Guid(426bee7dc076b3547a07f91a94827c61) Importer(815301076,1909f56bfc062723c751e8b465ee728b)
Start importing Assets/Sprites/Materials/BG.mat using Guid(426bee7dc076b3547a07f91a94827c61) Importer(815301076,1909f56bfc062723c751e8b465ee728b)  -> (artifact id: '198ee1ca8238b038fb10e2649bd0cbd3') in 0.133216 seconds
  Import took 0.135783 seconds .

========================================================================
Received Prepare
Registering precompiled user dll's ...
Registered in 0.000547 seconds.
Begin MonoManager ReloadAssembly
Native extension for WindowsStandalone target not found
Refreshing native plugins compatible for Editor in 0.35 ms, found 1 plugins.
Preloading 0 native plugins for Editor in 0.00 ms.
Mono: successfully reloaded assembly
- Completed reload, in  0.521 seconds
Platform modules already initialized, skipping
Refreshing native plugins compatible for Editor in 0.37 ms, found 1 plugins.
Preloading 0 native plugins for Editor in 0.00 ms.
Unloading 1804 Unused Serialized files (Serialized files now loaded: 0)
System memory in use before: 88.2 MB.
System memory in use after: 88.2 MB.

Unloading 12 unused Assets to reduce memory usage. Loaded Objects now: 2296.
Total: 2.180700 ms (FindLiveObjects: 0.187500 ms CreateObjectMapping: 0.051000 ms MarkObjects: 1.853000 ms  DeleteObjects: 0.088200 ms)

AssetImportWorkerClient::OnTransportError - code=2 error=End of file
